<?xml version="1.0" encoding="UTF-8"?>
<testsuite name="com.eugene.book.springboot.domain.members.MembersRepositoryTest" tests="1" skipped="0" failures="0" errors="0" timestamp="2020-10-22T14:49:25" hostname="eugenes-MacBook-Pro.local" time="0.015">
  <properties/>
  <testcase name="memberRegisterSave_open" classname="com.eugene.book.springboot.domain.members.MembersRepositoryTest" time="0.015"/>
  <system-out><![CDATA[2020-10-22 23:49:25.388  INFO 1889 --- [    Test worker] .b.t.c.SpringBootTestContextBootstrapper : Neither @ContextConfiguration nor @ContextHierarchy found for test class [com.eugene.book.springboot.domain.members.MembersRepositoryTest], using SpringBootContextLoader
2020-10-22 23:49:25.389  INFO 1889 --- [    Test worker] o.s.t.c.support.AbstractContextLoader    : Could not detect default resource locations for test class [com.eugene.book.springboot.domain.members.MembersRepositoryTest]: no resource found for suffixes {-context.xml, Context.groovy}.
2020-10-22 23:49:25.389  INFO 1889 --- [    Test worker] t.c.s.AnnotationConfigContextLoaderUtils : Could not detect default configuration classes for test class [com.eugene.book.springboot.domain.members.MembersRepositoryTest]: MembersRepositoryTest does not declare any static, non-private, non-final, nested classes annotated with @Configuration.
2020-10-22 23:49:25.395  INFO 1889 --- [    Test worker] .b.t.c.SpringBootTestContextBootstrapper : Found @SpringBootConfiguration com.eugene.book.springboot.Application for test class com.eugene.book.springboot.domain.members.MembersRepositoryTest
2020-10-22 23:49:25.397  INFO 1889 --- [    Test worker] .b.t.c.SpringBootTestContextBootstrapper : Loaded default TestExecutionListener class names from location [META-INF/spring.factories]: [org.springframework.security.test.context.support.WithSecurityContextTestExecutionListener, org.springframework.security.test.context.support.ReactorContextTestExecutionListener, org.springframework.boot.test.autoconfigure.restdocs.RestDocsTestExecutionListener, org.springframework.boot.test.autoconfigure.web.client.MockRestServiceServerResetTestExecutionListener, org.springframework.boot.test.autoconfigure.web.servlet.MockMvcPrintOnlyOnFailureTestExecutionListener, org.springframework.boot.test.autoconfigure.web.servlet.WebDriverTestExecutionListener, org.springframework.boot.test.mock.mockito.MockitoTestExecutionListener, org.springframework.boot.test.mock.mockito.ResetMocksTestExecutionListener, org.springframework.test.context.web.ServletTestExecutionListener, org.springframework.test.context.support.DirtiesContextBeforeModesTestExecutionListener, org.springframework.test.context.support.DependencyInjectionTestExecutionListener, org.springframework.test.context.support.DirtiesContextTestExecutionListener, org.springframework.test.context.transaction.TransactionalTestExecutionListener, org.springframework.test.context.jdbc.SqlScriptsTestExecutionListener]
2020-10-22 23:49:25.397  INFO 1889 --- [    Test worker] .b.t.c.SpringBootTestContextBootstrapper : Using TestExecutionListeners: [org.springframework.test.context.web.ServletTestExecutionListener@df620b2, org.springframework.test.context.support.DirtiesContextBeforeModesTestExecutionListener@5671cf96, org.springframework.boot.test.mock.mockito.MockitoTestExecutionListener@796f647a, org.springframework.boot.test.autoconfigure.SpringBootDependencyInjectionTestExecutionListener@3c3511eb, org.springframework.test.context.support.DirtiesContextTestExecutionListener@fa456f, org.springframework.test.context.transaction.TransactionalTestExecutionListener@58af2799, org.springframework.test.context.jdbc.SqlScriptsTestExecutionListener@5a61c442, org.springframework.security.test.context.support.WithSecurityContextTestExecutionListener@4ecf3cac, org.springframework.security.test.context.support.ReactorContextTestExecutionListener@1c4cd927, org.springframework.boot.test.autoconfigure.restdocs.RestDocsTestExecutionListener@3d7ea6d8, org.springframework.boot.test.autoconfigure.web.client.MockRestServiceServerResetTestExecutionListener@696926e1, org.springframework.boot.test.autoconfigure.web.servlet.MockMvcPrintOnlyOnFailureTestExecutionListener@5e744d3c, org.springframework.boot.test.autoconfigure.web.servlet.WebDriverTestExecutionListener@248b3234, org.springframework.boot.test.mock.mockito.ResetMocksTestExecutionListener@6c8b081b]
Hibernate: insert into members (birthday, email, gender, image, login_id, name, nick_name, password, phone_number, token) values (?, ?, ?, ?, ?, ?, ?, ?, ?, ?)
Hibernate: select members0_.id as id1_0_, members0_.birthday as birthday2_0_, members0_.email as email3_0_, members0_.gender as gender4_0_, members0_.image as image5_0_, members0_.login_id as login_id6_0_, members0_.name as name7_0_, members0_.nick_name as nick_nam8_0_, members0_.password as password9_0_, members0_.phone_number as phone_n10_0_, members0_.token as token11_0_ from members members0_
Hibernate: select members0_.id as id1_0_, members0_.birthday as birthday2_0_, members0_.email as email3_0_, members0_.gender as gender4_0_, members0_.image as image5_0_, members0_.login_id as login_id6_0_, members0_.name as name7_0_, members0_.nick_name as nick_nam8_0_, members0_.password as password9_0_, members0_.phone_number as phone_n10_0_, members0_.token as token11_0_ from members members0_
Hibernate: delete from members where id=?
]]></system-out>
  <system-err><![CDATA[]]></system-err>
</testsuite>
