<?xml version="1.0" encoding="UTF-8"?>
<testsuite name="com.eugene.book.springboot.web.IndexControllerTest" tests="1" skipped="0" failures="0" errors="0" timestamp="2020-10-22T14:49:23" hostname="eugenes-MacBook-Pro.local" time="0.071">
  <properties/>
  <testcase name="mainPage_loading" classname="com.eugene.book.springboot.web.IndexControllerTest" time="0.071"/>
  <system-out><![CDATA[2020-10-22 23:49:23.942  INFO 1889 --- [    Test worker] .b.t.c.SpringBootTestContextBootstrapper : Neither @ContextConfiguration nor @ContextHierarchy found for test class [com.eugene.book.springboot.web.IndexControllerTest], using SpringBootContextLoader
2020-10-22 23:49:23.943  INFO 1889 --- [    Test worker] o.s.t.c.support.AbstractContextLoader    : Could not detect default resource locations for test class [com.eugene.book.springboot.web.IndexControllerTest]: no resource found for suffixes {-context.xml, Context.groovy}.
2020-10-22 23:49:23.943  INFO 1889 --- [    Test worker] t.c.s.AnnotationConfigContextLoaderUtils : Could not detect default configuration classes for test class [com.eugene.book.springboot.web.IndexControllerTest]: IndexControllerTest does not declare any static, non-private, non-final, nested classes annotated with @Configuration.
2020-10-22 23:49:23.945  INFO 1889 --- [    Test worker] .b.t.c.SpringBootTestContextBootstrapper : Found @SpringBootConfiguration com.eugene.book.springboot.Application for test class com.eugene.book.springboot.web.IndexControllerTest
2020-10-22 23:49:23.946  INFO 1889 --- [    Test worker] .b.t.c.SpringBootTestContextBootstrapper : Loaded default TestExecutionListener class names from location [META-INF/spring.factories]: [org.springframework.security.test.context.support.WithSecurityContextTestExecutionListener, org.springframework.security.test.context.support.ReactorContextTestExecutionListener, org.springframework.boot.test.autoconfigure.restdocs.RestDocsTestExecutionListener, org.springframework.boot.test.autoconfigure.web.client.MockRestServiceServerResetTestExecutionListener, org.springframework.boot.test.autoconfigure.web.servlet.MockMvcPrintOnlyOnFailureTestExecutionListener, org.springframework.boot.test.autoconfigure.web.servlet.WebDriverTestExecutionListener, org.springframework.boot.test.mock.mockito.MockitoTestExecutionListener, org.springframework.boot.test.mock.mockito.ResetMocksTestExecutionListener, org.springframework.test.context.web.ServletTestExecutionListener, org.springframework.test.context.support.DirtiesContextBeforeModesTestExecutionListener, org.springframework.test.context.support.DependencyInjectionTestExecutionListener, org.springframework.test.context.support.DirtiesContextTestExecutionListener, org.springframework.test.context.transaction.TransactionalTestExecutionListener, org.springframework.test.context.jdbc.SqlScriptsTestExecutionListener]
2020-10-22 23:49:23.947  INFO 1889 --- [    Test worker] .b.t.c.SpringBootTestContextBootstrapper : Using TestExecutionListeners: [org.springframework.test.context.web.ServletTestExecutionListener@64a6dc54, org.springframework.test.context.support.DirtiesContextBeforeModesTestExecutionListener@62f5dc54, org.springframework.boot.test.mock.mockito.MockitoTestExecutionListener@3c8d5ee5, org.springframework.boot.test.autoconfigure.SpringBootDependencyInjectionTestExecutionListener@50b28c15, org.springframework.test.context.support.DirtiesContextTestExecutionListener@2a4be2b, org.springframework.test.context.transaction.TransactionalTestExecutionListener@4e7fd557, org.springframework.test.context.jdbc.SqlScriptsTestExecutionListener@1853c00b, org.springframework.security.test.context.support.WithSecurityContextTestExecutionListener@5c452530, org.springframework.security.test.context.support.ReactorContextTestExecutionListener@7b379d75, org.springframework.boot.test.autoconfigure.restdocs.RestDocsTestExecutionListener@4bd22a29, org.springframework.boot.test.autoconfigure.web.client.MockRestServiceServerResetTestExecutionListener@4d87e8c0, org.springframework.boot.test.autoconfigure.web.servlet.MockMvcPrintOnlyOnFailureTestExecutionListener@389e28e5, org.springframework.boot.test.autoconfigure.web.servlet.WebDriverTestExecutionListener@7f85c6b6, org.springframework.boot.test.mock.mockito.ResetMocksTestExecutionListener@25dc380d]
Hibernate: select posts0_.id as id1_1_, posts0_.created_date as created_2_1_, posts0_.modified_date as modified3_1_, posts0_.author as author4_1_, posts0_.content as content5_1_, posts0_.title as title6_1_ from posts posts0_ order by posts0_.id DESC
]]></system-out>
  <system-err><![CDATA[]]></system-err>
</testsuite>
