<?xml version="1.0" encoding="UTF-8"?>
<testsuite name="com.eugene.book.springboot.web.dto.HelloResponseDtoTest" tests="1" skipped="0" failures="0" errors="0" timestamp="2020-10-22T14:49:23" hostname="eugenes-MacBook-Pro.local" time="0.005">
  <properties/>
  <testcase name="lombok_function_test" classname="com.eugene.book.springboot.web.dto.HelloResponseDtoTest" time="0.005"/>
  <system-out><![CDATA[]]></system-out>
  <system-err><![CDATA[]]></system-err>
</testsuite>
