<?xml version="1.0" encoding="UTF-8"?>
<testsuite name="com.eugene.book.springboot.domain.posts.PostsRepositoryTest" tests="2" skipped="0" failures="0" errors="0" timestamp="2020-10-22T14:49:25" hostname="eugenes-MacBook-Pro.local" time="0.026">
  <properties/>
  <testcase name="boardWriteSave_open" classname="com.eugene.book.springboot.domain.posts.PostsRepositoryTest" time="0.016"/>
  <testcase name="BaseTimeEntity_register" classname="com.eugene.book.springboot.domain.posts.PostsRepositoryTest" time="0.009"/>
  <system-out><![CDATA[2020-10-22 23:49:24.022  INFO 1889 --- [    Test worker] .b.t.c.SpringBootTestContextBootstrapper : Neither @ContextConfiguration nor @ContextHierarchy found for test class [com.eugene.book.springboot.domain.posts.PostsRepositoryTest], using SpringBootContextLoader
2020-10-22 23:49:24.022  INFO 1889 --- [    Test worker] o.s.t.c.support.AbstractContextLoader    : Could not detect default resource locations for test class [com.eugene.book.springboot.domain.posts.PostsRepositoryTest]: no resource found for suffixes {-context.xml, Context.groovy}.
2020-10-22 23:49:24.023  INFO 1889 --- [    Test worker] t.c.s.AnnotationConfigContextLoaderUtils : Could not detect default configuration classes for test class [com.eugene.book.springboot.domain.posts.PostsRepositoryTest]: PostsRepositoryTest does not declare any static, non-private, non-final, nested classes annotated with @Configuration.
2020-10-22 23:49:24.029  INFO 1889 --- [    Test worker] .b.t.c.SpringBootTestContextBootstrapper : Found @SpringBootConfiguration com.eugene.book.springboot.Application for test class com.eugene.book.springboot.domain.posts.PostsRepositoryTest
2020-10-22 23:49:24.030  INFO 1889 --- [    Test worker] .b.t.c.SpringBootTestContextBootstrapper : Loaded default TestExecutionListener class names from location [META-INF/spring.factories]: [org.springframework.security.test.context.support.WithSecurityContextTestExecutionListener, org.springframework.security.test.context.support.ReactorContextTestExecutionListener, org.springframework.boot.test.autoconfigure.restdocs.RestDocsTestExecutionListener, org.springframework.boot.test.autoconfigure.web.client.MockRestServiceServerResetTestExecutionListener, org.springframework.boot.test.autoconfigure.web.servlet.MockMvcPrintOnlyOnFailureTestExecutionListener, org.springframework.boot.test.autoconfigure.web.servlet.WebDriverTestExecutionListener, org.springframework.boot.test.mock.mockito.MockitoTestExecutionListener, org.springframework.boot.test.mock.mockito.ResetMocksTestExecutionListener, org.springframework.test.context.web.ServletTestExecutionListener, org.springframework.test.context.support.DirtiesContextBeforeModesTestExecutionListener, org.springframework.test.context.support.DependencyInjectionTestExecutionListener, org.springframework.test.context.support.DirtiesContextTestExecutionListener, org.springframework.test.context.transaction.TransactionalTestExecutionListener, org.springframework.test.context.jdbc.SqlScriptsTestExecutionListener]
2020-10-22 23:49:24.031  INFO 1889 --- [    Test worker] .b.t.c.SpringBootTestContextBootstrapper : Using TestExecutionListeners: [org.springframework.test.context.web.ServletTestExecutionListener@3411b306, org.springframework.test.context.support.DirtiesContextBeforeModesTestExecutionListener@141be74f, org.springframework.boot.test.mock.mockito.MockitoTestExecutionListener@74cdfda6, org.springframework.boot.test.autoconfigure.SpringBootDependencyInjectionTestExecutionListener@2d59f463, org.springframework.test.context.support.DirtiesContextTestExecutionListener@1469fb4d, org.springframework.test.context.transaction.TransactionalTestExecutionListener@5f035710, org.springframework.test.context.jdbc.SqlScriptsTestExecutionListener@44b8a19b, org.springframework.security.test.context.support.WithSecurityContextTestExecutionListener@26a0bf83, org.springframework.security.test.context.support.ReactorContextTestExecutionListener@7dc88b89, org.springframework.boot.test.autoconfigure.restdocs.RestDocsTestExecutionListener@38b6e8f7, org.springframework.boot.test.autoconfigure.web.client.MockRestServiceServerResetTestExecutionListener@39833203, org.springframework.boot.test.autoconfigure.web.servlet.MockMvcPrintOnlyOnFailureTestExecutionListener@1a7cce17, org.springframework.boot.test.autoconfigure.web.servlet.WebDriverTestExecutionListener@23d18a12, org.springframework.boot.test.mock.mockito.ResetMocksTestExecutionListener@2c2f3fcf]

  .   ____          _            __ _ _
 /\\ / ___'_ __ _ _(_)_ __  __ _ \ \ \ \
( ( )\___ | '_ | '_| | '_ \/ _` | \ \ \ \
 \\/  ___)| |_)| | | | | || (_| |  ) ) ) )
  '  |____| .__|_| |_|_| |_\__, | / / / /
 =========|_|==============|___/=/_/_/_/
 :: Spring Boot ::        (v2.1.7.RELEASE)

2020-10-22 23:49:24.051  INFO 1889 --- [    Test worker] c.e.b.s.d.posts.PostsRepositoryTest      : Starting PostsRepositoryTest on eugenes-MacBook-Pro.local with PID 1889 (started by eugene in /Users/eugene/IdeaProjects/springboot_aws)
2020-10-22 23:49:24.051  INFO 1889 --- [    Test worker] c.e.b.s.d.posts.PostsRepositoryTest      : No active profile set, falling back to default profiles: default
2020-10-22 23:49:24.210  INFO 1889 --- [    Test worker] .s.d.r.c.RepositoryConfigurationDelegate : Bootstrapping Spring Data repositories in DEFAULT mode.
2020-10-22 23:49:24.227  INFO 1889 --- [    Test worker] .s.d.r.c.RepositoryConfigurationDelegate : Finished Spring Data repository scanning in 17ms. Found 3 repository interfaces.
2020-10-22 23:49:24.320  INFO 1889 --- [    Test worker] trationDelegate$BeanPostProcessorChecker : Bean 'org.springframework.transaction.annotation.ProxyTransactionManagementConfiguration' of type [org.springframework.transaction.annotation.ProxyTransactionManagementConfiguration$$EnhancerBySpringCGLIB$$f30372f6] is not eligible for getting processed by all BeanPostProcessors (for example: not eligible for auto-proxying)
2020-10-22 23:49:24.389  INFO 1889 --- [    Test worker] com.zaxxer.hikari.HikariDataSource       : HikariPool-2 - Starting...
2020-10-22 23:49:24.390  INFO 1889 --- [    Test worker] com.zaxxer.hikari.HikariDataSource       : HikariPool-2 - Start completed.
2020-10-22 23:49:24.409  INFO 1889 --- [    Test worker] o.hibernate.jpa.internal.util.LogHelper  : HHH000204: Processing PersistenceUnitInfo [
	name: default
	...]
2020-10-22 23:49:24.416  INFO 1889 --- [    Test worker] org.hibernate.dialect.Dialect            : HHH000400: Using dialect: org.hibernate.dialect.MySQL5InnoDBDialect
Hibernate: drop table if exists members
Hibernate: drop table if exists posts
Hibernate: drop table if exists user
Hibernate: create table members (id bigint not null auto_increment, birthday datetime, email varchar(255), gender integer, image varchar(255), login_id varchar(255), name varchar(255), nick_name varchar(255), password varchar(255), phone_number varchar(255), token varchar(255), primary key (id)) engine=InnoDB
Hibernate: create table posts (id bigint not null auto_increment, created_date datetime, modified_date datetime, author varchar(255), content Text not null, title varchar(500) not null, primary key (id)) engine=InnoDB
Hibernate: create table user (id bigint not null auto_increment, created_date datetime, modified_date datetime, email varchar(255) not null, name varchar(255) not null, picture varchar(255), role varchar(255) not null, primary key (id)) engine=InnoDB
2020-10-22 23:49:24.468  INFO 1889 --- [    Test worker] o.h.t.schema.internal.SchemaCreatorImpl  : HHH000476: Executing import script 'org.hibernate.tool.schema.internal.exec.ScriptSourceInputNonExistentImpl@37b45033'
2020-10-22 23:49:24.468  INFO 1889 --- [    Test worker] j.LocalContainerEntityManagerFactoryBean : Initialized JPA EntityManagerFactory for persistence unit 'default'
2020-10-22 23:49:24.643  INFO 1889 --- [    Test worker] o.h.h.i.QueryTranslatorFactoryInitiator  : HHH000397: Using ASTQueryTranslatorFactory
2020-10-22 23:49:24.757  INFO 1889 --- [    Test worker] o.s.s.web.DefaultSecurityFilterChain     : Creating filter chain: any request, [org.springframework.security.web.context.request.async.WebAsyncManagerIntegrationFilter@58706e53, org.springframework.security.web.context.SecurityContextPersistenceFilter@35a16d0b, org.springframework.security.web.header.HeaderWriterFilter@23b2e195, org.springframework.security.web.authentication.logout.LogoutFilter@41e3741b, org.springframework.security.oauth2.client.web.OAuth2AuthorizationRequestRedirectFilter@75af1284, org.springframework.security.oauth2.client.web.OAuth2LoginAuthenticationFilter@eed9e13, org.springframework.security.web.authentication.ui.DefaultLoginPageGeneratingFilter@7f1497c7, org.springframework.security.web.authentication.ui.DefaultLogoutPageGeneratingFilter@303dd7ec, org.springframework.security.web.savedrequest.RequestCacheAwareFilter@3c609680, org.springframework.security.web.servletapi.SecurityContextHolderAwareRequestFilter@8ea66d0, org.springframework.security.web.authentication.AnonymousAuthenticationFilter@3d8bc85d, org.springframework.security.web.session.SessionManagementFilter@440661f3, org.springframework.security.web.access.ExceptionTranslationFilter@ae0650a, org.springframework.security.web.access.intercept.FilterSecurityInterceptor@299827a6]
2020-10-22 23:49:24.995  INFO 1889 --- [    Test worker] o.s.s.concurrent.ThreadPoolTaskExecutor  : Initializing ExecutorService 'applicationTaskExecutor'
2020-10-22 23:49:25.018  WARN 1889 --- [    Test worker] aWebConfiguration$JpaWebMvcConfiguration : spring.jpa.open-in-view is enabled by default. Therefore, database queries may be performed during view rendering. Explicitly configure spring.jpa.open-in-view to disable this warning
2020-10-22 23:49:25.049  INFO 1889 --- [    Test worker] o.s.b.a.w.s.WelcomePageHandlerMapping    : Adding welcome page template: index
2020-10-22 23:49:25.356  INFO 1889 --- [    Test worker] s.a.ScheduledAnnotationBeanPostProcessor : No TaskScheduler/ScheduledExecutorService bean found for scheduled processing
2020-10-22 23:49:25.357  INFO 1889 --- [    Test worker] c.e.b.s.d.posts.PostsRepositoryTest      : Started PostsRepositoryTest in 1.324 seconds (JVM running for 9.407)
Hibernate: insert into posts (created_date, modified_date, author, content, title) values (?, ?, ?, ?, ?)
Hibernate: select posts0_.id as id1_1_, posts0_.created_date as created_2_1_, posts0_.modified_date as modified3_1_, posts0_.author as author4_1_, posts0_.content as content5_1_, posts0_.title as title6_1_ from posts posts0_
Hibernate: select posts0_.id as id1_1_, posts0_.created_date as created_2_1_, posts0_.modified_date as modified3_1_, posts0_.author as author4_1_, posts0_.content as content5_1_, posts0_.title as title6_1_ from posts posts0_
Hibernate: delete from posts where id=?
Hibernate: insert into posts (created_date, modified_date, author, content, title) values (?, ?, ?, ?, ?)
Hibernate: select posts0_.id as id1_1_, posts0_.created_date as created_2_1_, posts0_.modified_date as modified3_1_, posts0_.author as author4_1_, posts0_.content as content5_1_, posts0_.title as title6_1_ from posts posts0_
>>>>>>>>>>>>> createDate=2020-10-22T23:49:25.380, modifiedDate=2020-10-22T23:49:25.380
Hibernate: select posts0_.id as id1_1_, posts0_.created_date as created_2_1_, posts0_.modified_date as modified3_1_, posts0_.author as author4_1_, posts0_.content as content5_1_, posts0_.title as title6_1_ from posts posts0_
Hibernate: delete from posts where id=?
]]></system-out>
  <system-err><![CDATA[]]></system-err>
</testsuite>
